[2020-09-20T03:27:01.742] [INFO] tongkelogs - server is running:8099
[2020-09-20T03:27:01.749] [INFO] tongkelogs - 数据库连接成功
[2020-09-20T03:32:01.451] [INFO] tongkelogs - server is running:8099
[2020-09-20T03:32:01.457] [INFO] tongkelogs - 数据库连接成功
[2020-09-20T03:34:27.271] [INFO] tongkelogs - server is running:8099
[2020-09-20T03:34:27.277] [INFO] tongkelogs - 数据库连接成功
[2020-09-20T03:36:36.408] [INFO] tongkelogs - server is running:8099
[2020-09-20T03:36:36.414] [INFO] tongkelogs - 数据库连接成功
[2020-09-20T03:38:16.266] [INFO] tongkelogs - server is running:8099
[2020-09-20T03:38:16.273] [INFO] tongkelogs - 数据库连接成功
[2020-09-20T03:39:48.705] [INFO] tongkelogs - server is running:8099
[2020-09-20T03:39:48.712] [INFO] tongkelogs - 数据库连接成功
[2020-09-20T03:40:03.966] [INFO] tongkelogs - server is running:8099
[2020-09-20T03:40:03.973] [INFO] tongkelogs - 数据库连接成功
[2020-09-20T03:43:52.216] [INFO] tongkelogs - server is running:8099
[2020-09-20T03:43:52.223] [INFO] tongkelogs - 数据库连接成功
[2020-09-20T03:44:34.599] [INFO] tongkelogs - server is running:8099
[2020-09-20T03:44:34.605] [INFO] tongkelogs - 数据库连接成功
[2020-09-20T03:44:53.481] [INFO] tongkelogs - server is running:8099
[2020-09-20T03:44:53.487] [INFO] tongkelogs - 数据库连接成功
[2020-09-20T03:46:29.611] [INFO] tongkelogs - server is running:8099
[2020-09-20T03:46:29.618] [INFO] tongkelogs - 数据库连接成功
[2020-09-20T03:49:23.022] [INFO] tongkelogs - server is running:8099
[2020-09-20T03:49:23.029] [INFO] tongkelogs - 数据库连接成功
[2020-09-20T03:49:53.232] [INFO] tongkelogs - server is running:8099
[2020-09-20T03:49:53.238] [INFO] tongkelogs - 数据库连接成功
[2020-09-20T03:49:55.566] [ERROR] tongkelogs - MongooseError [MissingSchemaError]: Schema hasn't been registered for model "Us".
Use mongoose.model(name, schema)
    at new MissingSchemaError (/Users/lekubaba/leku/TKS/node_modules/_mongoose@4.13.21@mongoose/lib/error/missingSchema.js:20:11)
    at NativeConnection.Connection.model (/Users/lekubaba/leku/TKS/node_modules/_mongoose@4.13.21@mongoose/lib/connection.js:1079:11)
    at getModelsMapForPopulate (/Users/lekubaba/leku/TKS/node_modules/_mongoose@4.13.21@mongoose/lib/model.js:3657:20)
    at populate (/Users/lekubaba/leku/TKS/node_modules/_mongoose@4.13.21@mongoose/lib/model.js:3224:15)
    at _populate (/Users/lekubaba/leku/TKS/node_modules/_mongoose@4.13.21@mongoose/lib/model.js:3192:5)
    at Function.Model.populate (/Users/lekubaba/leku/TKS/node_modules/_mongoose@4.13.21@mongoose/lib/model.js:3152:5)
    at cb (/Users/lekubaba/leku/TKS/node_modules/_mongoose@4.13.21@mongoose/lib/query.js:1342:17)
    at handleCallback (/Users/lekubaba/leku/TKS/node_modules/_mongodb@2.2.34@mongodb/lib/utils.js:120:56)
    at /Users/lekubaba/leku/TKS/node_modules/_mongodb@2.2.34@mongodb/lib/cursor.js:861:16
    at handleCallback (/Users/lekubaba/leku/TKS/node_modules/_mongodb-core@2.1.18@mongodb-core/lib/cursor.js:171:5)
    at setCursorDeadAndNotified (/Users/lekubaba/leku/TKS/node_modules/_mongodb-core@2.1.18@mongodb-core/lib/cursor.js:505:3)
    at nextFunction (/Users/lekubaba/leku/TKS/node_modules/_mongodb-core@2.1.18@mongodb-core/lib/cursor.js:660:7)
    at Cursor.next [as _next] (/Users/lekubaba/leku/TKS/node_modules/_mongodb-core@2.1.18@mongodb-core/lib/cursor.js:701:3)
    at fetchDocs (/Users/lekubaba/leku/TKS/node_modules/_mongodb@2.2.34@mongodb/lib/cursor.js:857:10)
    at /Users/lekubaba/leku/TKS/node_modules/_mongodb@2.2.34@mongodb/lib/cursor.js:880:7
    at handleCallback (/Users/lekubaba/leku/TKS/node_modules/_mongodb-core@2.1.18@mongodb-core/lib/cursor.js:171:5)
[2020-09-20T03:50:32.207] [INFO] tongkelogs - server is running:8099
[2020-09-20T03:50:32.214] [INFO] tongkelogs - 数据库连接成功
[2020-09-20T03:50:34.575] [ERROR] tongkelogs - MongooseError [MissingSchemaError]: Schema hasn't been registered for model "Us".
Use mongoose.model(name, schema)
    at new MissingSchemaError (/Users/lekubaba/leku/TKS/node_modules/_mongoose@4.13.21@mongoose/lib/error/missingSchema.js:20:11)
    at NativeConnection.Connection.model (/Users/lekubaba/leku/TKS/node_modules/_mongoose@4.13.21@mongoose/lib/connection.js:1079:11)
    at getModelsMapForPopulate (/Users/lekubaba/leku/TKS/node_modules/_mongoose@4.13.21@mongoose/lib/model.js:3657:20)
    at populate (/Users/lekubaba/leku/TKS/node_modules/_mongoose@4.13.21@mongoose/lib/model.js:3224:15)
    at _populate (/Users/lekubaba/leku/TKS/node_modules/_mongoose@4.13.21@mongoose/lib/model.js:3192:5)
    at Function.Model.populate (/Users/lekubaba/leku/TKS/node_modules/_mongoose@4.13.21@mongoose/lib/model.js:3152:5)
    at cb (/Users/lekubaba/leku/TKS/node_modules/_mongoose@4.13.21@mongoose/lib/query.js:1342:17)
    at handleCallback (/Users/lekubaba/leku/TKS/node_modules/_mongodb@2.2.34@mongodb/lib/utils.js:120:56)
    at /Users/lekubaba/leku/TKS/node_modules/_mongodb@2.2.34@mongodb/lib/cursor.js:861:16
    at handleCallback (/Users/lekubaba/leku/TKS/node_modules/_mongodb-core@2.1.18@mongodb-core/lib/cursor.js:171:5)
    at setCursorDeadAndNotified (/Users/lekubaba/leku/TKS/node_modules/_mongodb-core@2.1.18@mongodb-core/lib/cursor.js:505:3)
    at nextFunction (/Users/lekubaba/leku/TKS/node_modules/_mongodb-core@2.1.18@mongodb-core/lib/cursor.js:660:7)
    at Cursor.next [as _next] (/Users/lekubaba/leku/TKS/node_modules/_mongodb-core@2.1.18@mongodb-core/lib/cursor.js:701:3)
    at fetchDocs (/Users/lekubaba/leku/TKS/node_modules/_mongodb@2.2.34@mongodb/lib/cursor.js:857:10)
    at /Users/lekubaba/leku/TKS/node_modules/_mongodb@2.2.34@mongodb/lib/cursor.js:880:7
    at handleCallback (/Users/lekubaba/leku/TKS/node_modules/_mongodb-core@2.1.18@mongodb-core/lib/cursor.js:171:5)
[2020-09-20T03:51:42.831] [INFO] tongkelogs - server is running:8099
[2020-09-20T03:51:42.837] [INFO] tongkelogs - 数据库连接成功
[2020-09-20T03:51:47.905] [ERROR] tongkelogs - MongooseError [MissingSchemaError]: Schema hasn't been registered for model "Us".
Use mongoose.model(name, schema)
    at new MissingSchemaError (/Users/lekubaba/leku/TKS/node_modules/_mongoose@4.13.21@mongoose/lib/error/missingSchema.js:20:11)
    at NativeConnection.Connection.model (/Users/lekubaba/leku/TKS/node_modules/_mongoose@4.13.21@mongoose/lib/connection.js:1079:11)
    at getModelsMapForPopulate (/Users/lekubaba/leku/TKS/node_modules/_mongoose@4.13.21@mongoose/lib/model.js:3657:20)
    at populate (/Users/lekubaba/leku/TKS/node_modules/_mongoose@4.13.21@mongoose/lib/model.js:3224:15)
    at _populate (/Users/lekubaba/leku/TKS/node_modules/_mongoose@4.13.21@mongoose/lib/model.js:3192:5)
    at Function.Model.populate (/Users/lekubaba/leku/TKS/node_modules/_mongoose@4.13.21@mongoose/lib/model.js:3152:5)
    at cb (/Users/lekubaba/leku/TKS/node_modules/_mongoose@4.13.21@mongoose/lib/query.js:1342:17)
    at handleCallback (/Users/lekubaba/leku/TKS/node_modules/_mongodb@2.2.34@mongodb/lib/utils.js:120:56)
    at /Users/lekubaba/leku/TKS/node_modules/_mongodb@2.2.34@mongodb/lib/cursor.js:861:16
    at handleCallback (/Users/lekubaba/leku/TKS/node_modules/_mongodb-core@2.1.18@mongodb-core/lib/cursor.js:171:5)
    at setCursorDeadAndNotified (/Users/lekubaba/leku/TKS/node_modules/_mongodb-core@2.1.18@mongodb-core/lib/cursor.js:505:3)
    at nextFunction (/Users/lekubaba/leku/TKS/node_modules/_mongodb-core@2.1.18@mongodb-core/lib/cursor.js:660:7)
    at Cursor.next [as _next] (/Users/lekubaba/leku/TKS/node_modules/_mongodb-core@2.1.18@mongodb-core/lib/cursor.js:701:3)
    at fetchDocs (/Users/lekubaba/leku/TKS/node_modules/_mongodb@2.2.34@mongodb/lib/cursor.js:857:10)
    at /Users/lekubaba/leku/TKS/node_modules/_mongodb@2.2.34@mongodb/lib/cursor.js:880:7
    at handleCallback (/Users/lekubaba/leku/TKS/node_modules/_mongodb-core@2.1.18@mongodb-core/lib/cursor.js:171:5)
[2020-09-20T03:51:49.612] [ERROR] tongkelogs - MongooseError [MissingSchemaError]: Schema hasn't been registered for model "Us".
Use mongoose.model(name, schema)
    at new MissingSchemaError (/Users/lekubaba/leku/TKS/node_modules/_mongoose@4.13.21@mongoose/lib/error/missingSchema.js:20:11)
    at NativeConnection.Connection.model (/Users/lekubaba/leku/TKS/node_modules/_mongoose@4.13.21@mongoose/lib/connection.js:1079:11)
    at getModelsMapForPopulate (/Users/lekubaba/leku/TKS/node_modules/_mongoose@4.13.21@mongoose/lib/model.js:3657:20)
    at populate (/Users/lekubaba/leku/TKS/node_modules/_mongoose@4.13.21@mongoose/lib/model.js:3224:15)
    at _populate (/Users/lekubaba/leku/TKS/node_modules/_mongoose@4.13.21@mongoose/lib/model.js:3192:5)
    at Function.Model.populate (/Users/lekubaba/leku/TKS/node_modules/_mongoose@4.13.21@mongoose/lib/model.js:3152:5)
    at cb (/Users/lekubaba/leku/TKS/node_modules/_mongoose@4.13.21@mongoose/lib/query.js:1342:17)
    at handleCallback (/Users/lekubaba/leku/TKS/node_modules/_mongodb@2.2.34@mongodb/lib/utils.js:120:56)
    at /Users/lekubaba/leku/TKS/node_modules/_mongodb@2.2.34@mongodb/lib/cursor.js:861:16
    at handleCallback (/Users/lekubaba/leku/TKS/node_modules/_mongodb-core@2.1.18@mongodb-core/lib/cursor.js:171:5)
    at setCursorDeadAndNotified (/Users/lekubaba/leku/TKS/node_modules/_mongodb-core@2.1.18@mongodb-core/lib/cursor.js:505:3)
    at nextFunction (/Users/lekubaba/leku/TKS/node_modules/_mongodb-core@2.1.18@mongodb-core/lib/cursor.js:660:7)
    at Cursor.next [as _next] (/Users/lekubaba/leku/TKS/node_modules/_mongodb-core@2.1.18@mongodb-core/lib/cursor.js:701:3)
    at fetchDocs (/Users/lekubaba/leku/TKS/node_modules/_mongodb@2.2.34@mongodb/lib/cursor.js:857:10)
    at /Users/lekubaba/leku/TKS/node_modules/_mongodb@2.2.34@mongodb/lib/cursor.js:880:7
    at handleCallback (/Users/lekubaba/leku/TKS/node_modules/_mongodb-core@2.1.18@mongodb-core/lib/cursor.js:171:5)
[2020-09-20T03:51:49.908] [ERROR] tongkelogs - MongooseError [MissingSchemaError]: Schema hasn't been registered for model "Us".
Use mongoose.model(name, schema)
    at new MissingSchemaError (/Users/lekubaba/leku/TKS/node_modules/_mongoose@4.13.21@mongoose/lib/error/missingSchema.js:20:11)
    at NativeConnection.Connection.model (/Users/lekubaba/leku/TKS/node_modules/_mongoose@4.13.21@mongoose/lib/connection.js:1079:11)
    at getModelsMapForPopulate (/Users/lekubaba/leku/TKS/node_modules/_mongoose@4.13.21@mongoose/lib/model.js:3657:20)
    at populate (/Users/lekubaba/leku/TKS/node_modules/_mongoose@4.13.21@mongoose/lib/model.js:3224:15)
    at _populate (/Users/lekubaba/leku/TKS/node_modules/_mongoose@4.13.21@mongoose/lib/model.js:3192:5)
    at Function.Model.populate (/Users/lekubaba/leku/TKS/node_modules/_mongoose@4.13.21@mongoose/lib/model.js:3152:5)
    at cb (/Users/lekubaba/leku/TKS/node_modules/_mongoose@4.13.21@mongoose/lib/query.js:1342:17)
    at handleCallback (/Users/lekubaba/leku/TKS/node_modules/_mongodb@2.2.34@mongodb/lib/utils.js:120:56)
    at /Users/lekubaba/leku/TKS/node_modules/_mongodb@2.2.34@mongodb/lib/cursor.js:861:16
    at handleCallback (/Users/lekubaba/leku/TKS/node_modules/_mongodb-core@2.1.18@mongodb-core/lib/cursor.js:171:5)
    at setCursorDeadAndNotified (/Users/lekubaba/leku/TKS/node_modules/_mongodb-core@2.1.18@mongodb-core/lib/cursor.js:505:3)
    at nextFunction (/Users/lekubaba/leku/TKS/node_modules/_mongodb-core@2.1.18@mongodb-core/lib/cursor.js:660:7)
    at Cursor.next [as _next] (/Users/lekubaba/leku/TKS/node_modules/_mongodb-core@2.1.18@mongodb-core/lib/cursor.js:701:3)
    at fetchDocs (/Users/lekubaba/leku/TKS/node_modules/_mongodb@2.2.34@mongodb/lib/cursor.js:857:10)
    at /Users/lekubaba/leku/TKS/node_modules/_mongodb@2.2.34@mongodb/lib/cursor.js:880:7
    at handleCallback (/Users/lekubaba/leku/TKS/node_modules/_mongodb-core@2.1.18@mongodb-core/lib/cursor.js:171:5)
[2020-09-20T03:51:50.122] [ERROR] tongkelogs - MongooseError [MissingSchemaError]: Schema hasn't been registered for model "Us".
Use mongoose.model(name, schema)
    at new MissingSchemaError (/Users/lekubaba/leku/TKS/node_modules/_mongoose@4.13.21@mongoose/lib/error/missingSchema.js:20:11)
    at NativeConnection.Connection.model (/Users/lekubaba/leku/TKS/node_modules/_mongoose@4.13.21@mongoose/lib/connection.js:1079:11)
    at getModelsMapForPopulate (/Users/lekubaba/leku/TKS/node_modules/_mongoose@4.13.21@mongoose/lib/model.js:3657:20)
    at populate (/Users/lekubaba/leku/TKS/node_modules/_mongoose@4.13.21@mongoose/lib/model.js:3224:15)
    at _populate (/Users/lekubaba/leku/TKS/node_modules/_mongoose@4.13.21@mongoose/lib/model.js:3192:5)
    at Function.Model.populate (/Users/lekubaba/leku/TKS/node_modules/_mongoose@4.13.21@mongoose/lib/model.js:3152:5)
    at cb (/Users/lekubaba/leku/TKS/node_modules/_mongoose@4.13.21@mongoose/lib/query.js:1342:17)
    at handleCallback (/Users/lekubaba/leku/TKS/node_modules/_mongodb@2.2.34@mongodb/lib/utils.js:120:56)
    at /Users/lekubaba/leku/TKS/node_modules/_mongodb@2.2.34@mongodb/lib/cursor.js:861:16
    at handleCallback (/Users/lekubaba/leku/TKS/node_modules/_mongodb-core@2.1.18@mongodb-core/lib/cursor.js:171:5)
    at setCursorDeadAndNotified (/Users/lekubaba/leku/TKS/node_modules/_mongodb-core@2.1.18@mongodb-core/lib/cursor.js:505:3)
    at nextFunction (/Users/lekubaba/leku/TKS/node_modules/_mongodb-core@2.1.18@mongodb-core/lib/cursor.js:660:7)
    at Cursor.next [as _next] (/Users/lekubaba/leku/TKS/node_modules/_mongodb-core@2.1.18@mongodb-core/lib/cursor.js:701:3)
    at fetchDocs (/Users/lekubaba/leku/TKS/node_modules/_mongodb@2.2.34@mongodb/lib/cursor.js:857:10)
    at /Users/lekubaba/leku/TKS/node_modules/_mongodb@2.2.34@mongodb/lib/cursor.js:880:7
    at handleCallback (/Users/lekubaba/leku/TKS/node_modules/_mongodb-core@2.1.18@mongodb-core/lib/cursor.js:171:5)
[2020-09-20T03:51:50.337] [ERROR] tongkelogs - MongooseError [MissingSchemaError]: Schema hasn't been registered for model "Us".
Use mongoose.model(name, schema)
    at new MissingSchemaError (/Users/lekubaba/leku/TKS/node_modules/_mongoose@4.13.21@mongoose/lib/error/missingSchema.js:20:11)
    at NativeConnection.Connection.model (/Users/lekubaba/leku/TKS/node_modules/_mongoose@4.13.21@mongoose/lib/connection.js:1079:11)
    at getModelsMapForPopulate (/Users/lekubaba/leku/TKS/node_modules/_mongoose@4.13.21@mongoose/lib/model.js:3657:20)
    at populate (/Users/lekubaba/leku/TKS/node_modules/_mongoose@4.13.21@mongoose/lib/model.js:3224:15)
    at _populate (/Users/lekubaba/leku/TKS/node_modules/_mongoose@4.13.21@mongoose/lib/model.js:3192:5)
    at Function.Model.populate (/Users/lekubaba/leku/TKS/node_modules/_mongoose@4.13.21@mongoose/lib/model.js:3152:5)
    at cb (/Users/lekubaba/leku/TKS/node_modules/_mongoose@4.13.21@mongoose/lib/query.js:1342:17)
    at handleCallback (/Users/lekubaba/leku/TKS/node_modules/_mongodb@2.2.34@mongodb/lib/utils.js:120:56)
    at /Users/lekubaba/leku/TKS/node_modules/_mongodb@2.2.34@mongodb/lib/cursor.js:861:16
    at handleCallback (/Users/lekubaba/leku/TKS/node_modules/_mongodb-core@2.1.18@mongodb-core/lib/cursor.js:171:5)
    at setCursorDeadAndNotified (/Users/lekubaba/leku/TKS/node_modules/_mongodb-core@2.1.18@mongodb-core/lib/cursor.js:505:3)
    at nextFunction (/Users/lekubaba/leku/TKS/node_modules/_mongodb-core@2.1.18@mongodb-core/lib/cursor.js:660:7)
    at Cursor.next [as _next] (/Users/lekubaba/leku/TKS/node_modules/_mongodb-core@2.1.18@mongodb-core/lib/cursor.js:701:3)
    at fetchDocs (/Users/lekubaba/leku/TKS/node_modules/_mongodb@2.2.34@mongodb/lib/cursor.js:857:10)
    at /Users/lekubaba/leku/TKS/node_modules/_mongodb@2.2.34@mongodb/lib/cursor.js:880:7
    at handleCallback (/Users/lekubaba/leku/TKS/node_modules/_mongodb-core@2.1.18@mongodb-core/lib/cursor.js:171:5)
[2020-09-20T03:51:50.572] [ERROR] tongkelogs - MongooseError [MissingSchemaError]: Schema hasn't been registered for model "Us".
Use mongoose.model(name, schema)
    at new MissingSchemaError (/Users/lekubaba/leku/TKS/node_modules/_mongoose@4.13.21@mongoose/lib/error/missingSchema.js:20:11)
    at NativeConnection.Connection.model (/Users/lekubaba/leku/TKS/node_modules/_mongoose@4.13.21@mongoose/lib/connection.js:1079:11)
    at getModelsMapForPopulate (/Users/lekubaba/leku/TKS/node_modules/_mongoose@4.13.21@mongoose/lib/model.js:3657:20)
    at populate (/Users/lekubaba/leku/TKS/node_modules/_mongoose@4.13.21@mongoose/lib/model.js:3224:15)
    at _populate (/Users/lekubaba/leku/TKS/node_modules/_mongoose@4.13.21@mongoose/lib/model.js:3192:5)
    at Function.Model.populate (/Users/lekubaba/leku/TKS/node_modules/_mongoose@4.13.21@mongoose/lib/model.js:3152:5)
    at cb (/Users/lekubaba/leku/TKS/node_modules/_mongoose@4.13.21@mongoose/lib/query.js:1342:17)
    at handleCallback (/Users/lekubaba/leku/TKS/node_modules/_mongodb@2.2.34@mongodb/lib/utils.js:120:56)
    at /Users/lekubaba/leku/TKS/node_modules/_mongodb@2.2.34@mongodb/lib/cursor.js:861:16
    at handleCallback (/Users/lekubaba/leku/TKS/node_modules/_mongodb-core@2.1.18@mongodb-core/lib/cursor.js:171:5)
    at setCursorDeadAndNotified (/Users/lekubaba/leku/TKS/node_modules/_mongodb-core@2.1.18@mongodb-core/lib/cursor.js:505:3)
    at nextFunction (/Users/lekubaba/leku/TKS/node_modules/_mongodb-core@2.1.18@mongodb-core/lib/cursor.js:660:7)
    at Cursor.next [as _next] (/Users/lekubaba/leku/TKS/node_modules/_mongodb-core@2.1.18@mongodb-core/lib/cursor.js:701:3)
    at fetchDocs (/Users/lekubaba/leku/TKS/node_modules/_mongodb@2.2.34@mongodb/lib/cursor.js:857:10)
    at /Users/lekubaba/leku/TKS/node_modules/_mongodb@2.2.34@mongodb/lib/cursor.js:880:7
    at handleCallback (/Users/lekubaba/leku/TKS/node_modules/_mongodb-core@2.1.18@mongodb-core/lib/cursor.js:171:5)
[2020-09-20T03:51:51.077] [ERROR] tongkelogs - MongooseError [MissingSchemaError]: Schema hasn't been registered for model "Us".
Use mongoose.model(name, schema)
    at new MissingSchemaError (/Users/lekubaba/leku/TKS/node_modules/_mongoose@4.13.21@mongoose/lib/error/missingSchema.js:20:11)
    at NativeConnection.Connection.model (/Users/lekubaba/leku/TKS/node_modules/_mongoose@4.13.21@mongoose/lib/connection.js:1079:11)
    at getModelsMapForPopulate (/Users/lekubaba/leku/TKS/node_modules/_mongoose@4.13.21@mongoose/lib/model.js:3657:20)
    at populate (/Users/lekubaba/leku/TKS/node_modules/_mongoose@4.13.21@mongoose/lib/model.js:3224:15)
    at _populate (/Users/lekubaba/leku/TKS/node_modules/_mongoose@4.13.21@mongoose/lib/model.js:3192:5)
    at Function.Model.populate (/Users/lekubaba/leku/TKS/node_modules/_mongoose@4.13.21@mongoose/lib/model.js:3152:5)
    at cb (/Users/lekubaba/leku/TKS/node_modules/_mongoose@4.13.21@mongoose/lib/query.js:1342:17)
    at handleCallback (/Users/lekubaba/leku/TKS/node_modules/_mongodb@2.2.34@mongodb/lib/utils.js:120:56)
    at /Users/lekubaba/leku/TKS/node_modules/_mongodb@2.2.34@mongodb/lib/cursor.js:861:16
    at handleCallback (/Users/lekubaba/leku/TKS/node_modules/_mongodb-core@2.1.18@mongodb-core/lib/cursor.js:171:5)
    at setCursorDeadAndNotified (/Users/lekubaba/leku/TKS/node_modules/_mongodb-core@2.1.18@mongodb-core/lib/cursor.js:505:3)
    at nextFunction (/Users/lekubaba/leku/TKS/node_modules/_mongodb-core@2.1.18@mongodb-core/lib/cursor.js:660:7)
    at Cursor.next [as _next] (/Users/lekubaba/leku/TKS/node_modules/_mongodb-core@2.1.18@mongodb-core/lib/cursor.js:701:3)
    at fetchDocs (/Users/lekubaba/leku/TKS/node_modules/_mongodb@2.2.34@mongodb/lib/cursor.js:857:10)
    at /Users/lekubaba/leku/TKS/node_modules/_mongodb@2.2.34@mongodb/lib/cursor.js:880:7
    at handleCallback (/Users/lekubaba/leku/TKS/node_modules/_mongodb-core@2.1.18@mongodb-core/lib/cursor.js:171:5)
[2020-09-20T03:51:51.290] [ERROR] tongkelogs - MongooseError [MissingSchemaError]: Schema hasn't been registered for model "Us".
Use mongoose.model(name, schema)
    at new MissingSchemaError (/Users/lekubaba/leku/TKS/node_modules/_mongoose@4.13.21@mongoose/lib/error/missingSchema.js:20:11)
    at NativeConnection.Connection.model (/Users/lekubaba/leku/TKS/node_modules/_mongoose@4.13.21@mongoose/lib/connection.js:1079:11)
    at getModelsMapForPopulate (/Users/lekubaba/leku/TKS/node_modules/_mongoose@4.13.21@mongoose/lib/model.js:3657:20)
    at populate (/Users/lekubaba/leku/TKS/node_modules/_mongoose@4.13.21@mongoose/lib/model.js:3224:15)
    at _populate (/Users/lekubaba/leku/TKS/node_modules/_mongoose@4.13.21@mongoose/lib/model.js:3192:5)
    at Function.Model.populate (/Users/lekubaba/leku/TKS/node_modules/_mongoose@4.13.21@mongoose/lib/model.js:3152:5)
    at cb (/Users/lekubaba/leku/TKS/node_modules/_mongoose@4.13.21@mongoose/lib/query.js:1342:17)
    at handleCallback (/Users/lekubaba/leku/TKS/node_modules/_mongodb@2.2.34@mongodb/lib/utils.js:120:56)
    at /Users/lekubaba/leku/TKS/node_modules/_mongodb@2.2.34@mongodb/lib/cursor.js:861:16
    at handleCallback (/Users/lekubaba/leku/TKS/node_modules/_mongodb-core@2.1.18@mongodb-core/lib/cursor.js:171:5)
    at setCursorDeadAndNotified (/Users/lekubaba/leku/TKS/node_modules/_mongodb-core@2.1.18@mongodb-core/lib/cursor.js:505:3)
    at nextFunction (/Users/lekubaba/leku/TKS/node_modules/_mongodb-core@2.1.18@mongodb-core/lib/cursor.js:660:7)
    at Cursor.next [as _next] (/Users/lekubaba/leku/TKS/node_modules/_mongodb-core@2.1.18@mongodb-core/lib/cursor.js:701:3)
    at fetchDocs (/Users/lekubaba/leku/TKS/node_modules/_mongodb@2.2.34@mongodb/lib/cursor.js:857:10)
    at /Users/lekubaba/leku/TKS/node_modules/_mongodb@2.2.34@mongodb/lib/cursor.js:880:7
    at handleCallback (/Users/lekubaba/leku/TKS/node_modules/_mongodb-core@2.1.18@mongodb-core/lib/cursor.js:171:5)
[2020-09-20T03:51:51.481] [ERROR] tongkelogs - MongooseError [MissingSchemaError]: Schema hasn't been registered for model "Us".
Use mongoose.model(name, schema)
    at new MissingSchemaError (/Users/lekubaba/leku/TKS/node_modules/_mongoose@4.13.21@mongoose/lib/error/missingSchema.js:20:11)
    at NativeConnection.Connection.model (/Users/lekubaba/leku/TKS/node_modules/_mongoose@4.13.21@mongoose/lib/connection.js:1079:11)
    at getModelsMapForPopulate (/Users/lekubaba/leku/TKS/node_modules/_mongoose@4.13.21@mongoose/lib/model.js:3657:20)
    at populate (/Users/lekubaba/leku/TKS/node_modules/_mongoose@4.13.21@mongoose/lib/model.js:3224:15)
    at _populate (/Users/lekubaba/leku/TKS/node_modules/_mongoose@4.13.21@mongoose/lib/model.js:3192:5)
    at Function.Model.populate (/Users/lekubaba/leku/TKS/node_modules/_mongoose@4.13.21@mongoose/lib/model.js:3152:5)
    at cb (/Users/lekubaba/leku/TKS/node_modules/_mongoose@4.13.21@mongoose/lib/query.js:1342:17)
    at handleCallback (/Users/lekubaba/leku/TKS/node_modules/_mongodb@2.2.34@mongodb/lib/utils.js:120:56)
    at /Users/lekubaba/leku/TKS/node_modules/_mongodb@2.2.34@mongodb/lib/cursor.js:861:16
    at handleCallback (/Users/lekubaba/leku/TKS/node_modules/_mongodb-core@2.1.18@mongodb-core/lib/cursor.js:171:5)
    at setCursorDeadAndNotified (/Users/lekubaba/leku/TKS/node_modules/_mongodb-core@2.1.18@mongodb-core/lib/cursor.js:505:3)
    at nextFunction (/Users/lekubaba/leku/TKS/node_modules/_mongodb-core@2.1.18@mongodb-core/lib/cursor.js:660:7)
    at Cursor.next [as _next] (/Users/lekubaba/leku/TKS/node_modules/_mongodb-core@2.1.18@mongodb-core/lib/cursor.js:701:3)
    at fetchDocs (/Users/lekubaba/leku/TKS/node_modules/_mongodb@2.2.34@mongodb/lib/cursor.js:857:10)
    at /Users/lekubaba/leku/TKS/node_modules/_mongodb@2.2.34@mongodb/lib/cursor.js:880:7
    at handleCallback (/Users/lekubaba/leku/TKS/node_modules/_mongodb-core@2.1.18@mongodb-core/lib/cursor.js:171:5)
[2020-09-20T03:51:51.687] [ERROR] tongkelogs - MongooseError [MissingSchemaError]: Schema hasn't been registered for model "Us".
Use mongoose.model(name, schema)
    at new MissingSchemaError (/Users/lekubaba/leku/TKS/node_modules/_mongoose@4.13.21@mongoose/lib/error/missingSchema.js:20:11)
    at NativeConnection.Connection.model (/Users/lekubaba/leku/TKS/node_modules/_mongoose@4.13.21@mongoose/lib/connection.js:1079:11)
    at getModelsMapForPopulate (/Users/lekubaba/leku/TKS/node_modules/_mongoose@4.13.21@mongoose/lib/model.js:3657:20)
    at populate (/Users/lekubaba/leku/TKS/node_modules/_mongoose@4.13.21@mongoose/lib/model.js:3224:15)
    at _populate (/Users/lekubaba/leku/TKS/node_modules/_mongoose@4.13.21@mongoose/lib/model.js:3192:5)
    at Function.Model.populate (/Users/lekubaba/leku/TKS/node_modules/_mongoose@4.13.21@mongoose/lib/model.js:3152:5)
    at cb (/Users/lekubaba/leku/TKS/node_modules/_mongoose@4.13.21@mongoose/lib/query.js:1342:17)
    at handleCallback (/Users/lekubaba/leku/TKS/node_modules/_mongodb@2.2.34@mongodb/lib/utils.js:120:56)
    at /Users/lekubaba/leku/TKS/node_modules/_mongodb@2.2.34@mongodb/lib/cursor.js:861:16
    at handleCallback (/Users/lekubaba/leku/TKS/node_modules/_mongodb-core@2.1.18@mongodb-core/lib/cursor.js:171:5)
    at setCursorDeadAndNotified (/Users/lekubaba/leku/TKS/node_modules/_mongodb-core@2.1.18@mongodb-core/lib/cursor.js:505:3)
    at nextFunction (/Users/lekubaba/leku/TKS/node_modules/_mongodb-core@2.1.18@mongodb-core/lib/cursor.js:660:7)
    at Cursor.next [as _next] (/Users/lekubaba/leku/TKS/node_modules/_mongodb-core@2.1.18@mongodb-core/lib/cursor.js:701:3)
    at fetchDocs (/Users/lekubaba/leku/TKS/node_modules/_mongodb@2.2.34@mongodb/lib/cursor.js:857:10)
    at /Users/lekubaba/leku/TKS/node_modules/_mongodb@2.2.34@mongodb/lib/cursor.js:880:7
    at handleCallback (/Users/lekubaba/leku/TKS/node_modules/_mongodb-core@2.1.18@mongodb-core/lib/cursor.js:171:5)
[2020-09-20T03:52:15.296] [INFO] tongkelogs - server is running:8099
[2020-09-20T03:52:15.302] [INFO] tongkelogs - 数据库连接成功
[2020-09-20T03:52:17.752] [ERROR] tongkelogs - MongooseError [MissingSchemaError]: Schema hasn't been registered for model "Us".
Use mongoose.model(name, schema)
    at new MissingSchemaError (/Users/lekubaba/leku/TKS/node_modules/_mongoose@4.13.21@mongoose/lib/error/missingSchema.js:20:11)
    at NativeConnection.Connection.model (/Users/lekubaba/leku/TKS/node_modules/_mongoose@4.13.21@mongoose/lib/connection.js:1079:11)
    at getModelsMapForPopulate (/Users/lekubaba/leku/TKS/node_modules/_mongoose@4.13.21@mongoose/lib/model.js:3657:20)
    at populate (/Users/lekubaba/leku/TKS/node_modules/_mongoose@4.13.21@mongoose/lib/model.js:3224:15)
    at _populate (/Users/lekubaba/leku/TKS/node_modules/_mongoose@4.13.21@mongoose/lib/model.js:3192:5)
    at Function.Model.populate (/Users/lekubaba/leku/TKS/node_modules/_mongoose@4.13.21@mongoose/lib/model.js:3152:5)
    at cb (/Users/lekubaba/leku/TKS/node_modules/_mongoose@4.13.21@mongoose/lib/query.js:1342:17)
    at handleCallback (/Users/lekubaba/leku/TKS/node_modules/_mongodb@2.2.34@mongodb/lib/utils.js:120:56)
    at /Users/lekubaba/leku/TKS/node_modules/_mongodb@2.2.34@mongodb/lib/cursor.js:861:16
    at handleCallback (/Users/lekubaba/leku/TKS/node_modules/_mongodb-core@2.1.18@mongodb-core/lib/cursor.js:171:5)
    at setCursorDeadAndNotified (/Users/lekubaba/leku/TKS/node_modules/_mongodb-core@2.1.18@mongodb-core/lib/cursor.js:505:3)
    at nextFunction (/Users/lekubaba/leku/TKS/node_modules/_mongodb-core@2.1.18@mongodb-core/lib/cursor.js:660:7)
    at Cursor.next [as _next] (/Users/lekubaba/leku/TKS/node_modules/_mongodb-core@2.1.18@mongodb-core/lib/cursor.js:701:3)
    at fetchDocs (/Users/lekubaba/leku/TKS/node_modules/_mongodb@2.2.34@mongodb/lib/cursor.js:857:10)
    at /Users/lekubaba/leku/TKS/node_modules/_mongodb@2.2.34@mongodb/lib/cursor.js:880:7
    at handleCallback (/Users/lekubaba/leku/TKS/node_modules/_mongodb-core@2.1.18@mongodb-core/lib/cursor.js:171:5)
[2020-09-20T03:53:49.745] [INFO] tongkelogs - server is running:8099
[2020-09-20T03:53:49.752] [INFO] tongkelogs - 数据库连接成功
[2020-09-20T03:56:21.772] [INFO] tongkelogs - server is running:8099
[2020-09-20T03:56:21.779] [INFO] tongkelogs - 数据库连接成功
[2020-09-20T03:59:42.072] [INFO] tongkelogs - server is running:8099
[2020-09-20T03:59:42.078] [INFO] tongkelogs - 数据库连接成功
[2020-09-20T03:59:53.099] [INFO] tongkelogs - server is running:8099
[2020-09-20T03:59:53.105] [INFO] tongkelogs - 数据库连接成功
