[2020-10-21T18:08:33.593] [INFO] tongkelogs - server is running:8099
[2020-10-21T18:08:33.600] [INFO] tongkelogs - 已与服务器连接
[2020-10-21T18:09:34.127] [INFO] tongkelogs - server is running:8099
[2020-10-21T18:09:34.133] [INFO] tongkelogs - 已与服务器连接
[2020-10-21T18:10:39.338] [INFO] tongkelogs - server is running:8099
[2020-10-21T18:10:39.345] [INFO] tongkelogs - 已与服务器连接
[2020-10-21T18:11:33.377] [INFO] tongkelogs - server is running:8099
[2020-10-21T18:11:33.383] [INFO] tongkelogs - 已与服务器连接
[2020-10-21T18:12:54.426] [INFO] tongkelogs - server is running:8099
[2020-10-21T18:12:54.432] [INFO] tongkelogs - 已与服务器连接
[2020-10-21T18:13:53.906] [INFO] tongkelogs - server is running:8099
[2020-10-21T18:13:53.913] [INFO] tongkelogs - 已与服务器连接
[2020-10-21T18:51:47.443] [ERROR] tongkelogs - Error [MongoError]: Projection cannot have a mix of inclusion and exclusion.
    at Function.MongoError.create (/Users/lekubaba/leku/TKS/node_modules/_mongodb-core@2.1.18@mongodb-core/lib/error.js:31:11)
    at queryCallback (/Users/lekubaba/leku/TKS/node_modules/_mongodb-core@2.1.18@mongodb-core/lib/cursor.js:212:36)
    at /Users/lekubaba/leku/TKS/node_modules/_mongodb-core@2.1.18@mongodb-core/lib/connection/pool.js:469:18
    at processTicksAndRejections (internal/process/task_queues.js:79:11) {
  ok: 0,
  errmsg: 'Projection cannot have a mix of inclusion and exclusion.',
  code: 2,
  codeName: 'BadValue'
}
[2020-10-21T18:51:57.166] [ERROR] tongkelogs - Error [MongoError]: Projection cannot have a mix of inclusion and exclusion.
    at Function.MongoError.create (/Users/lekubaba/leku/TKS/node_modules/_mongodb-core@2.1.18@mongodb-core/lib/error.js:31:11)
    at queryCallback (/Users/lekubaba/leku/TKS/node_modules/_mongodb-core@2.1.18@mongodb-core/lib/cursor.js:212:36)
    at /Users/lekubaba/leku/TKS/node_modules/_mongodb-core@2.1.18@mongodb-core/lib/connection/pool.js:469:18
    at processTicksAndRejections (internal/process/task_queues.js:79:11) {
  ok: 0,
  errmsg: 'Projection cannot have a mix of inclusion and exclusion.',
  code: 2,
  codeName: 'BadValue'
}
[2020-10-21T18:52:07.195] [ERROR] tongkelogs - Error [MongoError]: Projection cannot have a mix of inclusion and exclusion.
    at Function.MongoError.create (/Users/lekubaba/leku/TKS/node_modules/_mongodb-core@2.1.18@mongodb-core/lib/error.js:31:11)
    at queryCallback (/Users/lekubaba/leku/TKS/node_modules/_mongodb-core@2.1.18@mongodb-core/lib/cursor.js:212:36)
    at /Users/lekubaba/leku/TKS/node_modules/_mongodb-core@2.1.18@mongodb-core/lib/connection/pool.js:469:18
    at processTicksAndRejections (internal/process/task_queues.js:79:11) {
  ok: 0,
  errmsg: 'Projection cannot have a mix of inclusion and exclusion.',
  code: 2,
  codeName: 'BadValue'
}
[2020-10-21T18:52:23.683] [ERROR] tongkelogs - Error [MongoError]: Projection cannot have a mix of inclusion and exclusion.
    at Function.MongoError.create (/Users/lekubaba/leku/TKS/node_modules/_mongodb-core@2.1.18@mongodb-core/lib/error.js:31:11)
    at queryCallback (/Users/lekubaba/leku/TKS/node_modules/_mongodb-core@2.1.18@mongodb-core/lib/cursor.js:212:36)
    at /Users/lekubaba/leku/TKS/node_modules/_mongodb-core@2.1.18@mongodb-core/lib/connection/pool.js:469:18
    at processTicksAndRejections (internal/process/task_queues.js:79:11) {
  ok: 0,
  errmsg: 'Projection cannot have a mix of inclusion and exclusion.',
  code: 2,
  codeName: 'BadValue'
}
[2020-10-21T18:52:25.628] [ERROR] tongkelogs - Error [MongoError]: Projection cannot have a mix of inclusion and exclusion.
    at Function.MongoError.create (/Users/lekubaba/leku/TKS/node_modules/_mongodb-core@2.1.18@mongodb-core/lib/error.js:31:11)
    at queryCallback (/Users/lekubaba/leku/TKS/node_modules/_mongodb-core@2.1.18@mongodb-core/lib/cursor.js:212:36)
    at /Users/lekubaba/leku/TKS/node_modules/_mongodb-core@2.1.18@mongodb-core/lib/connection/pool.js:469:18
    at processTicksAndRejections (internal/process/task_queues.js:79:11) {
  ok: 0,
  errmsg: 'Projection cannot have a mix of inclusion and exclusion.',
  code: 2,
  codeName: 'BadValue'
}
[2020-10-21T18:52:33.005] [ERROR] tongkelogs - Error [MongoError]: Projection cannot have a mix of inclusion and exclusion.
    at Function.MongoError.create (/Users/lekubaba/leku/TKS/node_modules/_mongodb-core@2.1.18@mongodb-core/lib/error.js:31:11)
    at queryCallback (/Users/lekubaba/leku/TKS/node_modules/_mongodb-core@2.1.18@mongodb-core/lib/cursor.js:212:36)
    at /Users/lekubaba/leku/TKS/node_modules/_mongodb-core@2.1.18@mongodb-core/lib/connection/pool.js:469:18
    at processTicksAndRejections (internal/process/task_queues.js:79:11) {
  ok: 0,
  errmsg: 'Projection cannot have a mix of inclusion and exclusion.',
  code: 2,
  codeName: 'BadValue'
}
[2020-10-21T18:52:37.204] [ERROR] tongkelogs - Error [MongoError]: Projection cannot have a mix of inclusion and exclusion.
    at Function.MongoError.create (/Users/lekubaba/leku/TKS/node_modules/_mongodb-core@2.1.18@mongodb-core/lib/error.js:31:11)
    at queryCallback (/Users/lekubaba/leku/TKS/node_modules/_mongodb-core@2.1.18@mongodb-core/lib/cursor.js:212:36)
    at /Users/lekubaba/leku/TKS/node_modules/_mongodb-core@2.1.18@mongodb-core/lib/connection/pool.js:469:18
    at processTicksAndRejections (internal/process/task_queues.js:79:11) {
  ok: 0,
  errmsg: 'Projection cannot have a mix of inclusion and exclusion.',
  code: 2,
  codeName: 'BadValue'
}
